

Microchip Technology PIC18 LITE Macro Assembler V1.44 build -154322312 
                                                                                               Tue Oct 10 09:44:23 2017

Microchip Technology Omniscient Code Generator v1.44 (Free mode) build 201709140600
     1                           	processor	18F45K20
     2                           	fnconf	rparam,??,?,0
     3                           	opt	pw 120
     4                           	opt	lm
     5                           	psect	cinit,global,reloc=2,class=CODE,delta=1
     6                           	psect	cstackCOMRAM,global,class=COMRAM,space=1,delta=1,noexec
     7                           	psect	text0,global,reloc=2,class=CODE,delta=1
     8                           	psect	text1,global,reloc=2,class=CODE,delta=1
     9                           	psect	text2,global,reloc=2,class=CODE,delta=1
    10                           	psect	intcodelo,global,reloc=2,class=CODE,delta=1
    11                           	psect	intcode,global,reloc=2,class=CODE,delta=1
    12                           	psect	intcode_body,global,reloc=2,class=CODE,delta=1
    13                           	psect	intsave_regs,global,class=BIGRAM,space=1,delta=1,noexec
    14                           	psect	rparam,global,class=COMRAM,space=1,delta=1,noexec
    15                           	psect	temp,global,ovrld,common,class=COMRAM,space=1,delta=1
    16  0000                     
    17                           ; Version 1.44
    18                           ; Generated 14/09/2017 GMT
    19                           ; 
    20                           ; Copyright © 2017, Microchip Technology Inc. and its subsidiaries ("Microchip")
    21                           ; All rights reserved.
    22                           ; 
    23                           ; This software is developed by Microchip Technology Inc. and its subsidiaries ("Microch
      +                          ip").
    24                           ; 
    25                           ; Redistribution and use in source and binary forms, with or without modification, are
    26                           ; permitted provided that the following conditions are met:
    27                           ; 
    28                           ;     1. Redistributions of source code must retain the above copyright notice, this lis
      +                          t of
    29                           ;        conditions and the following disclaimer.
    30                           ; 
    31                           ;     2. Redistributions in binary form must reproduce the above copyright notice, this 
      +                          list
    32                           ;        of conditions and the following disclaimer in the documentation and/or other
    33                           ;        materials provided with the distribution.
    34                           ; 
    35                           ;     3. Microchip's name may not be used to endorse or promote products derived from th
      +                          is
    36                           ;        software without specific prior written permission.
    37                           ; 
    38                           ; THIS SOFTWARE IS PROVIDED BY MICROCHIP "AS IS" AND ANY EXPRESS OR IMPLIED WARRANTIES,
    39                           ; INCLUDING, BUT NOT LIMITED TO, THE IMPLIED WARRANTIES OF MERCHANTABILITY AND FITNESS F
      +                          OR
    40                           ; PURPOSE ARE DISCLAIMED.  IN NO EVENT SHALL MICROCHIP BE LIABLE FOR ANY DIRECT, INDIREC
      +                          T,
    41                           ; INCIDENTAL, SPECIAL, EXEMPLARY, OR CONSEQUENTIAL DAMAGES (INCLUDING BUT NOT LIMITED TO
    42                           ; PROCUREMENT OF SUBSTITUTE GOODS OR SERVICES; LOSS OF USE, DATA OR PROFITS; OR BUSINESS
    43                           ; INTERRUPTION) HOWSOEVER CAUSED AND ON ANY THEORY OF LIABILITY, WHETHER IN CONTRACT, ST
      +                          RICT
    44                           ; LIABILITY, OR TORT (INCLUDING NEGLIGENCE OR OTHERWISE) ARISING IN ANY WAY OUT OF THE U
      +                          SE OF
    45                           ; THIS SOFTWARE, EVEN IF ADVISED OF THE POSSIBILITY OF SUCH DAMAGE.
    46                           ; 
    47                           ; 
    48                           ; Code-generator required, PIC18F45K20 Definitions
    49                           ; 
    50                           ; SFR Addresses
    51  0000                     _LATA	set	3977
    52                           
    53                           ; #config settings
    54  0000                     
    55                           	psect	cinit
    56  000172                     __pcinit:
    57                           	opt stack 0
    58  000172                     start_initialization:
    59                           	opt stack 0
    60  000172                     __initialization:
    61                           	opt stack 0
    62  000172                     end_of_initialization:
    63                           	opt stack 0
    64  000172                     __end_of__initialization:
    65                           	opt stack 0
    66  000172  9029               	bcf	int$flags,0,c	;clear compiler interrupt flag (level 1)
    67  000174  9229               	bcf	int$flags,1,c	;clear compiler interrupt flag (level 2)
    68  000176  0100               	movlb	0
    69  000178  EFAF  F000         	goto	_main	;jump to C main() function
    70                           
    71                           	psect	cstackCOMRAM
    72  000001                     __pcstackCOMRAM:
    73                           	opt stack 0
    74  000001                     ??_high_isr:
    75  000001                     
    76                           ; 1 bytes @ 0x0
    77  000001                     	ds	18
    78  000013                     ??_low_isr:
    79                           
    80                           ; 1 bytes @ 0x12
    81  000013                     	ds	21
    82  000028                     main@i:
    83                           	opt stack 0
    84                           
    85                           ; 1 bytes @ 0x27
    86  000028                     	ds	1
    87                           
    88 ;;
    89 ;;Main: autosize = 0, tempsize = 0, incstack = 0, save=0
    90 ;;
    91 ;; *************** function _main *****************
    92 ;; Defined at:
    93 ;;		line 108 in file "main.c"
    94 ;; Parameters:    Size  Location     Type
    95 ;;		None
    96 ;; Auto vars:     Size  Location     Type
    97 ;;  i               1   39[COMRAM] unsigned char 
    98 ;; Return value:  Size  Location     Type
    99 ;;                  1    wreg      void 
   100 ;; Registers used:
   101 ;;		wreg, status,2, status,0, cstack
   102 ;; Tracked objects:
   103 ;;		On entry : 0/0
   104 ;;		On exit  : 0/0
   105 ;;		Unchanged: 0/0
   106 ;; Data sizes:     COMRAM   BANK0   BANK1   BANK2   BANK3   BANK4   BANK5
   107 ;;      Params:         0       0       0       0       0       0       0
   108 ;;      Locals:         1       0       0       0       0       0       0
   109 ;;      Temps:          0       0       0       0       0       0       0
   110 ;;      Totals:         1       0       0       0       0       0       0
   111 ;;Total ram usage:        1 bytes
   112 ;; Hardware stack levels required when called:    3
   113 ;; This function calls:
   114 ;;		_ConfigureOscillator
   115 ;;		_InitApp
   116 ;; This function is called by:
   117 ;;		Startup code after reset
   118 ;; This function uses a non-reentrant model
   119 ;;
   120                           
   121                           	psect	text0
   122  00015E                     __ptext0:
   123                           	opt stack 0
   124  00015E                     _main:
   125                           	opt stack 28
   126                           
   127                           ;main.c: 110: unsigned char i = 0;
   128                           
   129                           ;incstack = 0
   130  00015E  0E00               	movlw	0
   131  000160  6E28               	movwf	main@i,c
   132                           
   133                           ;main.c: 112: ConfigureOscillator();
   134  000162  ECBF  F000         	call	_ConfigureOscillator	;wreg free
   135                           
   136                           ;main.c: 115: InitApp();
   137  000166  ECBE  F000         	call	_InitApp	;wreg free
   138  00016A                     
   139                           ;main.c: 120: {
   140                           ;main.c: 121: i++;
   141  00016A  2A28               	incf	main@i,f,c
   142                           
   143                           ;main.c: 123: LATA=i;
   144  00016C  C028  FF89         	movff	main@i,3977	;volatile
   145  000170  D7FC               	goto	l24
   146  000172                     __end_of_main:
   147                           	opt stack 0
   148                           
   149 ;; *************** function _InitApp *****************
   150 ;; Defined at:
   151 ;;		line 28 in file "user.c"
   152 ;; Parameters:    Size  Location     Type
   153 ;;		None
   154 ;; Auto vars:     Size  Location     Type
   155 ;;		None
   156 ;; Return value:  Size  Location     Type
   157 ;;                  1    wreg      void 
   158 ;; Registers used:
   159 ;;		None
   160 ;; Tracked objects:
   161 ;;		On entry : 0/0
   162 ;;		On exit  : 0/0
   163 ;;		Unchanged: 0/0
   164 ;; Data sizes:     COMRAM   BANK0   BANK1   BANK2   BANK3   BANK4   BANK5
   165 ;;      Params:         0       0       0       0       0       0       0
   166 ;;      Locals:         0       0       0       0       0       0       0
   167 ;;      Temps:          0       0       0       0       0       0       0
   168 ;;      Totals:         0       0       0       0       0       0       0
   169 ;;Total ram usage:        0 bytes
   170 ;; Hardware stack levels used:    1
   171 ;; Hardware stack levels required when called:    2
   172 ;; This function calls:
   173 ;;		Nothing
   174 ;; This function is called by:
   175 ;;		_main
   176 ;; This function uses a non-reentrant model
   177 ;;
   178                           
   179                           	psect	text1
   180  00017C                     __ptext1:
   181                           	opt stack 0
   182  00017C                     _InitApp:
   183                           	opt stack 28
   184                           
   185                           ;incstack = 0
   186  00017C  0012               	return		;funcret
   187  00017E                     __end_of_InitApp:
   188                           	opt stack 0
   189                           
   190 ;; *************** function _ConfigureOscillator *****************
   191 ;; Defined at:
   192 ;;		line 24 in file "system.c"
   193 ;; Parameters:    Size  Location     Type
   194 ;;		None
   195 ;; Auto vars:     Size  Location     Type
   196 ;;		None
   197 ;; Return value:  Size  Location     Type
   198 ;;                  1    wreg      void 
   199 ;; Registers used:
   200 ;;		None
   201 ;; Tracked objects:
   202 ;;		On entry : 0/0
   203 ;;		On exit  : 0/0
   204 ;;		Unchanged: 0/0
   205 ;; Data sizes:     COMRAM   BANK0   BANK1   BANK2   BANK3   BANK4   BANK5
   206 ;;      Params:         0       0       0       0       0       0       0
   207 ;;      Locals:         0       0       0       0       0       0       0
   208 ;;      Temps:          0       0       0       0       0       0       0
   209 ;;      Totals:         0       0       0       0       0       0       0
   210 ;;Total ram usage:        0 bytes
   211 ;; Hardware stack levels used:    1
   212 ;; Hardware stack levels required when called:    2
   213 ;; This function calls:
   214 ;;		Nothing
   215 ;; This function is called by:
   216 ;;		_main
   217 ;; This function uses a non-reentrant model
   218 ;;
   219                           
   220                           	psect	text2
   221  00017E                     __ptext2:
   222                           	opt stack 0
   223  00017E                     _ConfigureOscillator:
   224                           	opt stack 28
   225                           
   226                           ;incstack = 0
   227  00017E  0012               	return		;funcret
   228  000180                     __end_of_ConfigureOscillator:
   229                           	opt stack 0
   230                           
   231 ;; *************** function _low_isr *****************
   232 ;; Defined at:
   233 ;;		line 67 in file "interrupts.c"
   234 ;; Parameters:    Size  Location     Type
   235 ;;		None
   236 ;; Auto vars:     Size  Location     Type
   237 ;;		None
   238 ;; Return value:  Size  Location     Type
   239 ;;                  1    wreg      void 
   240 ;; Registers used:
   241 ;;		None
   242 ;; Tracked objects:
   243 ;;		On entry : 0/0
   244 ;;		On exit  : 0/0
   245 ;;		Unchanged: 0/0
   246 ;; Data sizes:     COMRAM   BANK0   BANK1   BANK2   BANK3   BANK4   BANK5
   247 ;;      Params:         0       0       0       0       0       0       0
   248 ;;      Locals:         0       0       0       0       0       0       0
   249 ;;      Temps:         21       0       0       0       0       0       0
   250 ;;      Totals:        21       0       0       0       0       0       0
   251 ;;Total ram usage:       21 bytes
   252 ;; Hardware stack levels used:    1
   253 ;; Hardware stack levels required when called:    1
   254 ;; This function calls:
   255 ;;		Nothing
   256 ;; This function is called by:
   257 ;;		Interrupt level 1
   258 ;; This function uses a non-reentrant model
   259 ;;
   260                           
   261                           	psect	intcodelo
   262  000018                     __pintcodelo:
   263                           	opt stack 0
   264  000018                     _low_isr:
   265                           	opt stack 28
   266                           
   267                           ;incstack = 0
   268  000018  8029               	bsf	btemp,0,c	;set compiler interrupt flag (level 1)
   269  00001A  CFD8 F013          	movff	status,??_low_isr
   270  00001E  CFE8 F014          	movff	wreg,??_low_isr+1
   271  000022  CFE0 F015          	movff	bsr,??_low_isr+2
   272  000026  CFFA F016          	movff	pclath,??_low_isr+3
   273  00002A  CFFB F017          	movff	pclatu,??_low_isr+4
   274  00002E  CFE9 F018          	movff	fsr0l,??_low_isr+5
   275  000032  CFEA F019          	movff	fsr0h,??_low_isr+6
   276  000036  CFE1 F01A          	movff	fsr1l,??_low_isr+7
   277  00003A  CFE2 F01B          	movff	fsr1h,??_low_isr+8
   278  00003E  CFD9 F01C          	movff	fsr2l,??_low_isr+9
   279  000042  CFDA F01D          	movff	fsr2h,??_low_isr+10
   280  000046  CFF3 F01E          	movff	prodl,??_low_isr+11
   281  00004A  CFF4 F01F          	movff	prodh,??_low_isr+12
   282  00004E  CFF6 F020          	movff	tblptrl,??_low_isr+13
   283  000052  CFF7 F021          	movff	tblptrh,??_low_isr+14
   284  000056  CFF8 F022          	movff	tblptru,??_low_isr+15
   285  00005A  CFF5 F023          	movff	tablat,??_low_isr+16
   286  00005E  C029  F024         	movff	btemp,??_low_isr+17
   287  000062  C02A  F025         	movff	btemp+1,??_low_isr+18
   288  000066  C02B  F026         	movff	btemp+2,??_low_isr+19
   289  00006A  C02C  F027         	movff	btemp+3,??_low_isr+20
   290  00006E  C027  F02C         	movff	??_low_isr+20,btemp+3
   291  000072  C026  F02B         	movff	??_low_isr+19,btemp+2
   292  000076  C025  F02A         	movff	??_low_isr+18,btemp+1
   293  00007A  C024  F029         	movff	??_low_isr+17,btemp
   294  00007E  C023  FFF5         	movff	??_low_isr+16,tablat
   295  000082  C022  FFF8         	movff	??_low_isr+15,tblptru
   296  000086  C021  FFF7         	movff	??_low_isr+14,tblptrh
   297  00008A  C020  FFF6         	movff	??_low_isr+13,tblptrl
   298  00008E  C01F  FFF4         	movff	??_low_isr+12,prodh
   299  000092  C01E  FFF3         	movff	??_low_isr+11,prodl
   300  000096  C01D  FFDA         	movff	??_low_isr+10,fsr2h
   301  00009A  C01C  FFD9         	movff	??_low_isr+9,fsr2l
   302  00009E  C01B  FFE2         	movff	??_low_isr+8,fsr1h
   303  0000A2  C01A  FFE1         	movff	??_low_isr+7,fsr1l
   304  0000A6  C019  FFEA         	movff	??_low_isr+6,fsr0h
   305  0000AA  C018  FFE9         	movff	??_low_isr+5,fsr0l
   306  0000AE  C017  FFFB         	movff	??_low_isr+4,pclatu
   307  0000B2  C016  FFFA         	movff	??_low_isr+3,pclath
   308  0000B6  C015  FFE0         	movff	??_low_isr+2,bsr
   309  0000BA  C014  FFE8         	movff	??_low_isr+1,wreg
   310  0000BE  C013  FFD8         	movff	??_low_isr,status
   311  0000C2  9029               	bcf	btemp,0,c	;clear compiler interrupt flag (level 1)
   312  0000C4  0010               	retfie	
   313  0000C6                     __end_of_low_isr:
   314                           	opt stack 0
   315                           pclatu	equ	0xFFB
   316                           pclath	equ	0xFFA
   317                           tblptru	equ	0xFF8
   318                           tblptrh	equ	0xFF7
   319                           tblptrl	equ	0xFF6
   320                           tablat	equ	0xFF5
   321                           prodh	equ	0xFF4
   322                           prodl	equ	0xFF3
   323                           fsr0h	equ	0xFEA
   324                           fsr0l	equ	0xFE9
   325                           wreg	equ	0xFE8
   326                           fsr1h	equ	0xFE2
   327                           fsr1l	equ	0xFE1
   328                           bsr	equ	0xFE0
   329                           fsr2h	equ	0xFDA
   330                           fsr2l	equ	0xFD9
   331                           status	equ	0xFD8
   332                           
   333 ;; *************** function _high_isr *****************
   334 ;; Defined at:
   335 ;;		line 27 in file "interrupts.c"
   336 ;; Parameters:    Size  Location     Type
   337 ;;		None
   338 ;; Auto vars:     Size  Location     Type
   339 ;;		None
   340 ;; Return value:  Size  Location     Type
   341 ;;                  1    wreg      void 
   342 ;; Registers used:
   343 ;;		None
   344 ;; Tracked objects:
   345 ;;		On entry : 0/0
   346 ;;		On exit  : 0/0
   347 ;;		Unchanged: 0/0
   348 ;; Data sizes:     COMRAM   BANK0   BANK1   BANK2   BANK3   BANK4   BANK5
   349 ;;      Params:         0       0       0       0       0       0       0
   350 ;;      Locals:         0       0       0       0       0       0       0
   351 ;;      Temps:         18       0       0       0       0       0       0
   352 ;;      Totals:        18       0       0       0       0       0       0
   353 ;;Total ram usage:       18 bytes
   354 ;; Hardware stack levels used:    1
   355 ;; This function calls:
   356 ;;		Nothing
   357 ;; This function is called by:
   358 ;;		Interrupt level 2
   359 ;; This function uses a non-reentrant model
   360 ;;
   361                           
   362                           	psect	intcode
   363  000008                     __pintcode:
   364                           	opt stack 0
   365  000008                     _high_isr:
   366                           	opt stack 28
   367                           
   368                           ;incstack = 0
   369  000008  8229               	bsf	btemp,1,c	;set compiler interrupt flag (level 2)
   370  00000A  EF65  F000         	goto	int_func
   371                           pclatu	equ	0xFFB
   372                           pclath	equ	0xFFA
   373                           tblptru	equ	0xFF8
   374                           tblptrh	equ	0xFF7
   375                           tblptrl	equ	0xFF6
   376                           tablat	equ	0xFF5
   377                           prodh	equ	0xFF4
   378                           prodl	equ	0xFF3
   379                           fsr0h	equ	0xFEA
   380                           fsr0l	equ	0xFE9
   381                           wreg	equ	0xFE8
   382                           fsr1h	equ	0xFE2
   383                           fsr1l	equ	0xFE1
   384                           bsr	equ	0xFE0
   385                           fsr2h	equ	0xFDA
   386                           fsr2l	equ	0xFD9
   387                           status	equ	0xFD8
   388                           
   389                           	psect	intcode_body
   390  0000CA                     __pintcode_body:
   391                           	opt stack 28
   392  0000CA                     int_func:
   393                           	opt stack 28
   394  0000CA  CFFA F001          	movff	pclath,??_high_isr
   395  0000CE  CFFB F002          	movff	pclatu,??_high_isr+1
   396  0000D2  CFE9 F003          	movff	fsr0l,??_high_isr+2
   397  0000D6  CFEA F004          	movff	fsr0h,??_high_isr+3
   398  0000DA  CFE1 F005          	movff	fsr1l,??_high_isr+4
   399  0000DE  CFE2 F006          	movff	fsr1h,??_high_isr+5
   400  0000E2  CFD9 F007          	movff	fsr2l,??_high_isr+6
   401  0000E6  CFDA F008          	movff	fsr2h,??_high_isr+7
   402  0000EA  CFF3 F009          	movff	prodl,??_high_isr+8
   403  0000EE  CFF4 F00A          	movff	prodh,??_high_isr+9
   404  0000F2  CFF6 F00B          	movff	tblptrl,??_high_isr+10
   405  0000F6  CFF7 F00C          	movff	tblptrh,??_high_isr+11
   406  0000FA  CFF8 F00D          	movff	tblptru,??_high_isr+12
   407  0000FE  CFF5 F00E          	movff	tablat,??_high_isr+13
   408  000102  C029  F00F         	movff	btemp,??_high_isr+14
   409  000106  C02A  F010         	movff	btemp+1,??_high_isr+15
   410  00010A  C02B  F011         	movff	btemp+2,??_high_isr+16
   411  00010E  C02C  F012         	movff	btemp+3,??_high_isr+17
   412  000112  C012  F02C         	movff	??_high_isr+17,btemp+3
   413  000116  C011  F02B         	movff	??_high_isr+16,btemp+2
   414  00011A  C010  F02A         	movff	??_high_isr+15,btemp+1
   415  00011E  C00F  F029         	movff	??_high_isr+14,btemp
   416  000122  C00E  FFF5         	movff	??_high_isr+13,tablat
   417  000126  C00D  FFF8         	movff	??_high_isr+12,tblptru
   418  00012A  C00C  FFF7         	movff	??_high_isr+11,tblptrh
   419  00012E  C00B  FFF6         	movff	??_high_isr+10,tblptrl
   420  000132  C00A  FFF4         	movff	??_high_isr+9,prodh
   421  000136  C009  FFF3         	movff	??_high_isr+8,prodl
   422  00013A  C008  FFDA         	movff	??_high_isr+7,fsr2h
   423  00013E  C007  FFD9         	movff	??_high_isr+6,fsr2l
   424  000142  C006  FFE2         	movff	??_high_isr+5,fsr1h
   425  000146  C005  FFE1         	movff	??_high_isr+4,fsr1l
   426  00014A  C004  FFEA         	movff	??_high_isr+3,fsr0h
   427  00014E  C003  FFE9         	movff	??_high_isr+2,fsr0l
   428  000152  C002  FFFB         	movff	??_high_isr+1,pclatu
   429  000156  C001  FFFA         	movff	??_high_isr,pclath
   430  00015A  9229               	bcf	btemp,1,c	;clear compiler interrupt flag (level 2)
   431  00015C  0011               	retfie		f
   432  00015E                     __end_of_high_isr:
   433                           	opt stack 0
   434  0000                     pclatu	equ	0xFFB
   435                           pclath	equ	0xFFA
   436                           tblptru	equ	0xFF8
   437                           tblptrh	equ	0xFF7
   438                           tblptrl	equ	0xFF6
   439                           tablat	equ	0xFF5
   440                           prodh	equ	0xFF4
   441                           prodl	equ	0xFF3
   442                           fsr0h	equ	0xFEA
   443                           fsr0l	equ	0xFE9
   444                           wreg	equ	0xFE8
   445                           fsr1h	equ	0xFE2
   446                           fsr1l	equ	0xFE1
   447                           bsr	equ	0xFE0
   448                           fsr2h	equ	0xFDA
   449                           fsr2l	equ	0xFD9
   450                           status	equ	0xFD8
   451                           pclatu	equ	0xFFB
   452                           pclath	equ	0xFFA
   453                           tblptru	equ	0xFF8
   454                           tblptrh	equ	0xFF7
   455                           tblptrl	equ	0xFF6
   456                           tablat	equ	0xFF5
   457                           prodh	equ	0xFF4
   458                           prodl	equ	0xFF3
   459                           fsr0h	equ	0xFEA
   460                           fsr0l	equ	0xFE9
   461                           wreg	equ	0xFE8
   462                           fsr1h	equ	0xFE2
   463                           fsr1l	equ	0xFE1
   464                           bsr	equ	0xFE0
   465                           fsr2h	equ	0xFDA
   466                           fsr2l	equ	0xFD9
   467                           status	equ	0xFD8
   468                           
   469                           	psect	rparam
   470  0000                     pclatu	equ	0xFFB
   471                           pclath	equ	0xFFA
   472                           tblptru	equ	0xFF8
   473                           tblptrh	equ	0xFF7
   474                           tblptrl	equ	0xFF6
   475                           tablat	equ	0xFF5
   476                           prodh	equ	0xFF4
   477                           prodl	equ	0xFF3
   478                           fsr0h	equ	0xFEA
   479                           fsr0l	equ	0xFE9
   480                           wreg	equ	0xFE8
   481                           fsr1h	equ	0xFE2
   482                           fsr1l	equ	0xFE1
   483                           bsr	equ	0xFE0
   484                           fsr2h	equ	0xFDA
   485                           fsr2l	equ	0xFD9
   486                           status	equ	0xFD8
   487                           
   488                           	psect	temp
   489  000029                     btemp:
   490                           	opt stack 0
   491  000029                     	ds	1
   492  0000                     int$flags	set	btemp
   493  0000                     wtemp6	set	btemp+1
   494                           pclatu	equ	0xFFB
   495                           pclath	equ	0xFFA
   496                           tblptru	equ	0xFF8
   497                           tblptrh	equ	0xFF7
   498                           tblptrl	equ	0xFF6
   499                           tablat	equ	0xFF5
   500                           prodh	equ	0xFF4
   501                           prodl	equ	0xFF3
   502                           fsr0h	equ	0xFEA
   503                           fsr0l	equ	0xFE9
   504                           wreg	equ	0xFE8
   505                           fsr1h	equ	0xFE2
   506                           fsr1l	equ	0xFE1
   507                           bsr	equ	0xFE0
   508                           fsr2h	equ	0xFDA
   509                           fsr2l	equ	0xFD9
   510                           status	equ	0xFD8


Data Sizes:
    Strings     0
    Constant    0
    Data        0
    BSS         0
    Persistent  0
    Stack       0

Auto Spaces:
    Space          Size  Autos    Used
    COMRAM           94     40      40
    BANK0           160      0       0
    BANK1           256      0       0
    BANK2           256      0       0
    BANK3           256      0       0
    BANK4           256      0       0
    BANK5           256      0       0

Pointer List with Targets:

    None.

Critical Paths under _main in COMRAM

    None.

Critical Paths under _low_isr in COMRAM

    None.

Critical Paths under _high_isr in COMRAM

    None.

Critical Paths under _main in BANK0

    None.

Critical Paths under _low_isr in BANK0

    None.

Critical Paths under _high_isr in BANK0

    None.

Critical Paths under _main in BANK1

    None.

Critical Paths under _low_isr in BANK1

    None.

Critical Paths under _high_isr in BANK1

    None.

Critical Paths under _main in BANK2

    None.

Critical Paths under _low_isr in BANK2

    None.

Critical Paths under _high_isr in BANK2

    None.

Critical Paths under _main in BANK3

    None.

Critical Paths under _low_isr in BANK3

    None.

Critical Paths under _high_isr in BANK3

    None.

Critical Paths under _main in BANK4

    None.

Critical Paths under _low_isr in BANK4

    None.

Critical Paths under _high_isr in BANK4

    None.

Critical Paths under _main in BANK5

    None.

Critical Paths under _low_isr in BANK5

    None.

Critical Paths under _high_isr in BANK5

    None.

Call Graph Tables:

 ---------------------------------------------------------------------------------
 (Depth) Function   	        Calls       Base Space   Used Autos Params    Refs
 ---------------------------------------------------------------------------------
 (0) _main                                                 1     1      0      15
                                             39 COMRAM     1     1      0
                _ConfigureOscillator
                            _InitApp
 ---------------------------------------------------------------------------------
 (1) _InitApp                                              0     0      0       0
 ---------------------------------------------------------------------------------
 (1) _ConfigureOscillator                                  0     0      0       0
 ---------------------------------------------------------------------------------
 Estimated maximum stack depth 1
 ---------------------------------------------------------------------------------
 (Depth) Function   	        Calls       Base Space   Used Autos Params    Refs
 ---------------------------------------------------------------------------------
 (2) _low_isr                                             21    21      0       0
                                             18 COMRAM    21    21      0
 ---------------------------------------------------------------------------------
 Estimated maximum stack depth 2
 ---------------------------------------------------------------------------------
 (Depth) Function   	        Calls       Base Space   Used Autos Params    Refs
 ---------------------------------------------------------------------------------
 (3) _high_isr                                            18    18      0       0
                                              0 COMRAM    18    18      0
 ---------------------------------------------------------------------------------
 Estimated maximum stack depth 3
 ---------------------------------------------------------------------------------

 Call Graph Graphs:

 _main (ROOT)
   _ConfigureOscillator
   _InitApp

 _low_isr (ROOT)

 _high_isr (ROOT)

 Address spaces:
Name               Size   Autos  Total    Cost      Usage
BITCOMRAM           5E      0       0       0        0.0%
EEDATA             100      0       0       0        0.0%
NULL                 0      0       0       0        0.0%
CODE                 0      0       0       0        0.0%
COMRAM              5E     28      28       1       42.6%
STACK                0      0       0       2        0.0%
DATA                 0      0       0       3        0.0%
BITBANK0            A0      0       0       4        0.0%
BANK0               A0      0       0       5        0.0%
BITBANK1           100      0       0       6        0.0%
BANK1              100      0       0       7        0.0%
BITBANK2           100      0       0       8        0.0%
BANK2              100      0       0       9        0.0%
BITBANK3           100      0       0      10        0.0%
BANK3              100      0       0      11        0.0%
BITBANK4           100      0       0      12        0.0%
BANK4              100      0       0      13        0.0%
BANK5              100      0       0      14        0.0%
ABS                  0      0       0      15        0.0%
BITBANK5           100      0       0      16        0.0%
BIGRAM             5FF      0       0      17        0.0%
BITSFR               0      0       0     200        0.0%
SFR                  0      0       0     200        0.0%


Microchip Technology PIC18 Macro Assembler V1.44 build -154322312 
Symbol Table                                                                                   Tue Oct 10 09:44:23 2017

                 __CFG_CP0$ON 000000                   __CFG_CP1$ON 000000                   __CFG_CP2$ON 000000  
                 __CFG_CP3$ON 000000                            l24 016A                   __CFG_CPB$ON 000000  
                 __CFG_CPD$ON 000000                            bsr 000FE0                  __CFG_BORV$30 000000  
                         wreg 000FE8                  __CFG_FOSC$LP 000000                  __CFG_LVP$OFF 000000  
                        _LATA 000F89                  __CFG_WDTPS$1 000000                  __CFG_PWRT$ON 000000  
                __CFG_WRT0$ON 000000                  __CFG_WRT1$ON 000000                  __CFG_WRT2$ON 000000  
                __CFG_WRT3$ON 000000                 __CFG_EBTR0$ON 000000                 __CFG_EBTR1$ON 000000  
               __CFG_EBTR2$ON 000000                 __CFG_EBTR3$ON 000000                  __CFG_WRTB$ON 000000  
                __CFG_WRTC$ON 000000                  __CFG_WRTD$ON 000000                 __CFG_EBTRB$ON 000000  
                        _main 015E                          fsr0h 000FEA                          fsr1h 000FE2  
                        fsr2h 000FDA                          fsr0l 000FE9                          fsr1l 000FE1  
                        fsr2l 000FD9                          btemp 0029                          prodh 000FF4  
                        prodl 000FF3                          start 00C6                 __CFG_IESO$OFF 000000  
                ___param_bank 000000               __end_of_InitApp 017E                         ?_main 0001  
         _ConfigureOscillator 017E                __CFG_FCMEN$OFF 000000                         main@i 0028  
             __end_of_low_isr 00C6                __CFG_BOREN$OFF 000000                         pclath 000FFA  
                       tablat 000FF5                         status 000FD8                         wtemp6 002A  
        ?_ConfigureOscillator 0001                __CFG_MCLRE$OFF 000000               __initialization 0172  
                __end_of_main 0172                        ??_main 0028                 __activetblptr 000000  
              __CFG_WDTEN$OFF 000000                     ??_InitApp 0028         ??_ConfigureOscillator 0028  
              __CFG_XINST$OFF 000000              __end_of_high_isr 015E                     ??_low_isr 0013  
                      tblptrh 000FF7                        tblptrl 000FF6                        tblptru 000FF8  
             __CFG_HFOFST$OFF 000000                    __accesstop 0060       __end_of__initialization 0172  
             __CFG_PBADEN$OFF 000000                 ___rparam_used 000001                __pcstackCOMRAM 0001  
          __CFG_CCP2MX$PORTBE 000000                     ?_high_isr 0001                       _InitApp 017C  
                     __Hparam 0000                       __Lparam 0000               __CFG_STVREN$OFF 000000  
                     __pcinit 0172                       __ramtop 0600                       __ptext0 015E  
                     __ptext1 017C                       __ptext2 017E                       _low_isr 0018  
                  ??_high_isr 0001                __pintcode_body 00CA          end_of_initialization 0172  
                     int_func 00CA   __end_of_ConfigureOscillator 0180           start_initialization 0172  
            __CFG_LPT1OSC$OFF 000000             __size_of_high_isr 0156                      ?_InitApp 0001  
                   __pintcode 0008                   __pintcodelo 0018                      ?_low_isr 0001  
            __size_of_InitApp 0002                      __Hrparam 0000                      __Lrparam 0000  
            __size_of_low_isr 00AE                      _high_isr 0008                 __size_of_main 0014  
__size_of_ConfigureOscillator 0002                      int$flags 0029                      intlevel1 0000  
                    intlevel2 0000  
